#
# A fatal error has been detected by the Java Runtime Environment:
#
#  EXCEPTION_ACCESS_VIOLATION (0xc0000005) at pc=0x0000000050e58b35, pid=20800, tid=14792
#
# JRE version: Java(TM) SE Runtime Environment (8.0_66-b17) (build 1.8.0_66-b17)
# Java VM: Java HotSpot(TM) 64-Bit Server VM (25.66-b17 mixed mode windows-amd64 compressed oops)
# Problematic frame:
# V  [jvm.dll+0x128b35]
#
# Failed to write core dump. Minidumps are not enabled by default on client versions of Windows
#
# If you would like to submit a bug report, please visit:
#   http://bugreport.java.com/bugreport/crash.jsp
#

---------------  T H R E A D  ---------------

Current thread (0x0000000016414000):  JavaThread "JDWP Transport Listener: dt_socket" daemon [_thread_in_vm, id=14792, stack(0x0000000018240000,0x0000000018340000)]

siginfo: ExceptionCode=0xc0000005, reading address 0xffffffffffffffff

Registers:
RAX=0x000000001833f601, RBX=0x0000000016414000, RCX=0x003b6b636568003b, RDX=0x0000000000000000
RSP=0x000000001833f640, RBP=0x003b6b636568003b, RSI=0x000000001833f758, RDI=0x00000000020b0950
R8 =0x0000000016414000, R9 =0x000000000000ff00, R10=0x4c2f6c6974752f61, R11=0x000028f8ffff0000
R12=0x0000000000000000, R13=0x0000000016414a18, R14=0x0000000000000000, R15=0x0000000000000000
RIP=0x0000000050e58b35, EFLAGS=0x0000000000010202

Top of Stack: (sp=0x000000001833f640)
0x000000001833f640:   0000000016414000 0000000016414000
0x000000001833f650:   000000001833f708 000000005105e2eb
0x000000001833f660:   0000000016414000 000000005107ab4d
0x000000001833f670:   0000000000000147 000000006d5a9155
0x000000001833f680:   00000000247affc0 000000006d5b291e
0x000000001833f690:   0000000016414000 0000000000000000
0x000000001833f6a0:   0000000000000000 0000000000000000
0x000000001833f6b0:   003b6b636568003b 000000006d5b1a15
0x000000001833f6c0:   000000001833f758 000000001833f730
0x000000001833f6d0:   0000000000000001 00000000247affc0
0x000000001833f6e0:   003b6b636568003b 000000006d5953b3
0x000000001833f6f0:   000000001833f820 0000000000000001
0x000000001833f700:   0000000000000001 00000000247affc0
0x000000001833f710:   0000000000000001 0000000000000000
0x000000001833f720:   0000000000000000 0000000000000000
0x000000001833f730:   0000000000000001 000000006d595571 

Instructions: (pc=0x0000000050e58b35)
0x0000000050e58b15:   cc cc cc cc cc cc cc cc cc cc cc 48 83 ec 28 48
0x0000000050e58b25:   85 c9 75 07 33 c0 48 83 c4 28 c3 48 89 5c 24 20
0x0000000050e58b35:   48 8b 19 48 85 db 74 20 48 83 fb 37 74 1a 48 8b
0x0000000050e58b45:   13 48 8b cb ff 52 10 84 c0 74 0d 48 8b c3 48 8b 


Register to memory mapping:

RAX=0x000000001833f601 is pointing into the stack for thread: 0x0000000016414000
RBX=0x0000000016414000 is a thread
RCX=0x003b6b636568003b is an unknown value
RDX=0x0000000000000000 is an unknown value
RSP=0x000000001833f640 is pointing into the stack for thread: 0x0000000016414000
RBP=0x003b6b636568003b is an unknown value
RSI=0x000000001833f758 is pointing into the stack for thread: 0x0000000016414000
RDI=0x00000000020b0950 is an unknown value
R8 =0x0000000016414000 is a thread
R9 =0x000000000000ff00 is an unknown value
R10=0x4c2f6c6974752f61 is an unknown value
R11=0x000028f8ffff0000 is an unknown value
R12=0x0000000000000000 is an unknown value
R13=0x0000000016414a18 is an unknown value
R14=0x0000000000000000 is an unknown value
R15=0x0000000000000000 is an unknown value


Stack: [0x0000000018240000,0x0000000018340000],  sp=0x000000001833f640,  free space=1021k
Native frames: (J=compiled Java code, j=interpreted, Vv=VM code, C=native code)
V  [jvm.dll+0x128b35]
V  [jvm.dll+0x34ab4d]
C  [jdwp.dll+0x21a15]
C  [jdwp.dll+0x53b3]
C  [jdwp.dll+0x5571]
C  [jdwp.dll+0xf0a8]
C  [jdwp.dll+0x1f2d5]
C  [jdwp.dll+0x1f4aa]
V  [jvm.dll+0x1bba28]
V  [jvm.dll+0x243274]
V  [jvm.dll+0x29a0fa]
C  [msvcr100.dll+0x21d9f]
C  [msvcr100.dll+0x21e3b]
C  [kernel32.dll+0x159cd]
C  [ntdll.dll+0x2a561]


---------------  P R O C E S S  ---------------

Java Threads: ( => current thread )
  0x000000001a8e8000 JavaThread "ActiveMQ InactivityMonitor Worker" daemon [_thread_blocked, id=22128, stack(0x0000000031e30000,0x0000000031f30000)]
  0x000000001a8e7800 JavaThread "ActiveMQ InactivityMonitor Worker" daemon [_thread_blocked, id=21516, stack(0x0000000032fe0000,0x00000000330e0000)]
  0x000000001a71b000 JavaThread "pool-10-thread-17" [_thread_blocked, id=21588, stack(0x00000000330e0000,0x00000000331e0000)]
  0x000000001a719800 JavaThread "pool-10-thread-16" [_thread_blocked, id=22512, stack(0x0000000032ea0000,0x0000000032fa0000)]
  0x000000001ae5c000 JavaThread "pool-10-thread-15" [_thread_blocked, id=21192, stack(0x00000000327b0000,0x00000000328b0000)]
  0x000000001ae5b000 JavaThread "pool-10-thread-14" [_thread_blocked, id=11012, stack(0x0000000032560000,0x0000000032660000)]
  0x000000001ae5c800 JavaThread "pool-10-thread-13" [_thread_blocked, id=21216, stack(0x0000000032cb0000,0x0000000032db0000)]
  0x0000000025846800 JavaThread "pool-10-thread-12" [_thread_blocked, id=13376, stack(0x0000000032b80000,0x0000000032c80000)]
  0x000000001a718000 JavaThread "pool-10-thread-11" [_thread_blocked, id=16236, stack(0x0000000032230000,0x0000000032330000)]
  0x000000001a719000 JavaThread "pool-10-thread-10" [_thread_blocked, id=21584, stack(0x0000000031790000,0x0000000031890000)]
  0x000000001fbd6000 JavaThread "pool-10-thread-9" [_thread_blocked, id=19904, stack(0x0000000032010000,0x0000000032110000)]
  0x0000000020844800 JavaThread "pool-10-thread-8" [_thread_blocked, id=21184, stack(0x0000000031d20000,0x0000000031e20000)]
  0x000000002438f000 JavaThread "pool-10-thread-7" [_thread_blocked, id=13964, stack(0x00000000312e0000,0x00000000313e0000)]
  0x000000002438d800 JavaThread "pool-10-thread-6" [_thread_blocked, id=8320, stack(0x000000002f060000,0x000000002f160000)]
  0x0000000024398000 JavaThread "AsyncResolver-bootstrap-executor-0" daemon [_thread_blocked, id=18464, stack(0x0000000027b60000,0x0000000027c60000)]
  0x0000000024389000 JavaThread "pool-10-thread-5" [_thread_blocked, id=11820, stack(0x0000000027c60000,0x0000000027d60000)]
  0x0000000024398800 JavaThread "pool-10-thread-4" [_thread_blocked, id=21176, stack(0x0000000031410000,0x0000000031510000)]
  0x0000000024388800 JavaThread "pool-10-thread-3" [_thread_blocked, id=13020, stack(0x0000000030350000,0x0000000030450000)]
  0x000000002439b800 JavaThread "pool-10-thread-2" [_thread_blocked, id=21524, stack(0x0000000032a30000,0x0000000032b30000)]
  0x000000002439b000 JavaThread "pool-10-thread-1" [_thread_blocked, id=21960, stack(0x00000000328b0000,0x00000000329b0000)]
  0x000000002439a000 JavaThread "NFLoadBalancer-PingTimer-tetris-resource" daemon [_thread_blocked, id=22040, stack(0x0000000032690000,0x0000000032790000)]
  0x0000000024399800 JavaThread "NFLoadBalancer-PingTimer-tetris-alarm" daemon [_thread_blocked, id=22064, stack(0x0000000030f40000,0x0000000031040000)]
  0x0000000024396800 JavaThread "PollingServerListUpdater-1" daemon [_thread_blocked, id=21860, stack(0x000000002c0c0000,0x000000002c1c0000)]
  0x0000000024395800 JavaThread "NFLoadBalancer-PingTimer-tetris-menu" daemon [_thread_blocked, id=21832, stack(0x00000000309a0000,0x0000000030aa0000)]
  0x0000000019b6a000 JavaThread "DataPublisher" daemon [_thread_blocked, id=6572, stack(0x0000000030870000,0x0000000030970000)]
  0x0000000019b69000 JavaThread "PollingServerListUpdater-0" daemon [_thread_blocked, id=20188, stack(0x00000000306d0000,0x00000000307d0000)]
  0x000000002252d000 JavaThread "NFLoadBalancer-PingTimer-tetris-user" daemon [_thread_blocked, id=22504, stack(0x00000000304e0000,0x00000000305e0000)]
  0x0000000019b67800 JavaThread "DiscoveryClient-2" daemon [_thread_blocked, id=18736, stack(0x000000002fb80000,0x000000002fc80000)]
  0x0000000019b67000 JavaThread "DiscoveryClient-HeartbeatExecutor-0" daemon [_thread_blocked, id=17152, stack(0x000000002f990000,0x000000002fa90000)]
  0x0000000019b66000 JavaThread "DiscoveryClient-CacheRefreshExecutor-0" daemon [_thread_blocked, id=21720, stack(0x000000002f840000,0x000000002f940000)]
  0x0000000019b65800 JavaThread "DestroyJavaVM" [_thread_blocked, id=15884, stack(0x00000000024f0000,0x00000000025f0000)]
  0x0000000019b64800 JavaThread "http-nio-8099-AsyncTimeout" daemon [_thread_blocked, id=21992, stack(0x000000002f450000,0x000000002f550000)]
  0x0000000019b64000 JavaThread "http-nio-8099-Acceptor-0" daemon [_thread_in_native, id=22144, stack(0x000000002f310000,0x000000002f410000)]
  0x0000000019b63000 JavaThread "http-nio-8099-ClientPoller-1" daemon [_thread_in_native, id=13888, stack(0x000000002ef30000,0x000000002f030000)]
  0x000000001a212000 JavaThread "http-nio-8099-ClientPoller-0" daemon [_thread_in_native, id=7572, stack(0x000000002f1e0000,0x000000002f2e0000)]
  0x000000001a213800 JavaThread "http-nio-8099-exec-10" daemon [_thread_blocked, id=16592, stack(0x000000002eda0000,0x000000002eea0000)]
  0x0000000019817000 JavaThread "http-nio-8099-exec-9" daemon [_thread_blocked, id=20700, stack(0x000000002ebe0000,0x000000002ece0000)]
  0x0000000019818800 JavaThread "http-nio-8099-exec-8" daemon [_thread_blocked, id=22052, stack(0x000000002b880000,0x000000002b980000)]
  0x0000000019819800 JavaThread "http-nio-8099-exec-7" daemon [_thread_blocked, id=21332, stack(0x000000002e860000,0x000000002e960000)]
  0x0000000022533000 JavaThread "http-nio-8099-exec-6" daemon [_thread_blocked, id=21820, stack(0x0000000027a50000,0x0000000027b50000)]
  0x0000000022532800 JavaThread "http-nio-8099-exec-5" daemon [_thread_blocked, id=18628, stack(0x000000002e720000,0x000000002e820000)]
  0x0000000022531800 JavaThread "http-nio-8099-exec-4" daemon [_thread_blocked, id=21956, stack(0x000000002e5c0000,0x000000002e6c0000)]
  0x0000000022531000 JavaThread "http-nio-8099-exec-3" daemon [_thread_blocked, id=2944, stack(0x0000000022f40000,0x0000000023040000)]
  0x0000000022530000 JavaThread "http-nio-8099-exec-2" daemon [_thread_blocked, id=21996, stack(0x000000002c420000,0x000000002c520000)]
  0x000000002252f800 JavaThread "http-nio-8099-exec-1" daemon [_thread_blocked, id=11204, stack(0x000000002b750000,0x000000002b850000)]
  0x000000002252e800 JavaThread "NioBlockingSelector.BlockPoller-1" daemon [_thread_in_native, id=22220, stack(0x000000002b570000,0x000000002b670000)]
  0x000000001a206800 JavaThread "DiscoveryClient-InstanceInfoReplicator-0" daemon [_thread_blocked, id=18256, stack(0x000000002e210000,0x000000002e310000)]
  0x000000001a206000 JavaThread "DiscoveryClient-1" daemon [_thread_blocked, id=12136, stack(0x000000002de00000,0x000000002df00000)]
  0x0000000020849000 JavaThread "DiscoveryClient-0" daemon [_thread_blocked, id=22264, stack(0x000000002da70000,0x000000002db70000)]
  0x0000000020848000 JavaThread "AsyncResolver-bootstrap-0" daemon [_thread_blocked, id=20300, stack(0x000000002bc00000,0x000000002bd00000)]
  0x0000000020847800 JavaThread "Eureka-JerseyClient-Conn-Cleaner2" daemon [_thread_blocked, id=20932, stack(0x000000002d6c0000,0x000000002d7c0000)]
  0x0000000020846800 JavaThread "Eureka-JerseyClient-Conn-Cleaner2" daemon [_thread_blocked, id=18740, stack(0x0000000021c00000,0x0000000021d00000)]
  0x0000000020842000 JavaThread "spring.cloud.inetutils" daemon [_thread_blocked, id=14740, stack(0x000000002ae00000,0x000000002af00000)]
  0x000000001981c800 JavaThread "container-0" [_thread_blocked, id=22376, stack(0x000000002cd40000,0x000000002ce40000)]
  0x000000001981b800 JavaThread "ContainerBackgroundProcessor[StandardEngine[Tomcat]]" daemon [_thread_blocked, id=4836, stack(0x000000002cba0000,0x000000002cca0000)]
  0x000000001a20e000 JavaThread "Thread-7" daemon [_thread_blocked, id=22112, stack(0x000000002ca70000,0x000000002cb70000)]
  0x000000001a20f000 JavaThread "Thread-6" daemon [_thread_blocked, id=21944, stack(0x000000002c1c0000,0x000000002c2c0000)]
  0x0000000019818000 JavaThread "ActiveMQ Transport: tcp:///192.165.56.131:61616@6486" [_thread_in_native, id=4208, stack(0x000000002c2e0000,0x000000002c3e0000)]
  0x000000001a215000 JavaThread "ActiveMQ InactivityMonitor WriteCheckTimer" daemon [_thread_blocked, id=22172, stack(0x000000002bfc0000,0x000000002c0c0000)]
  0x000000001a214000 JavaThread "ActiveMQ InactivityMonitor ReadCheckTimer" daemon [_thread_blocked, id=21664, stack(0x000000002be30000,0x000000002bf30000)]
  0x000000001a212800 JavaThread "ActiveMQ Transport: tcp:///192.165.56.131:61616@6485" [_thread_in_native, id=18124, stack(0x000000002bd10000,0x000000002be10000)]
  0x000000001a20b000 JavaThread "Druid-ConnectionPool-Destroy-1728797371" daemon [_thread_blocked, id=21372, stack(0x0000000029cc0000,0x0000000029dc0000)]
  0x000000001a20c000 JavaThread "Druid-ConnectionPool-Create-1728797371" daemon [_thread_blocked, id=22452, stack(0x0000000029b80000,0x0000000029c80000)]
  0x000000001a209800 JavaThread "Druid-ConnectionPool-Destroy-1364335701" daemon [_thread_blocked, id=18656, stack(0x000000001bfe0000,0x000000001c0e0000)]
  0x000000001a207800 JavaThread "Druid-ConnectionPool-Create-1364335701" daemon [_thread_blocked, id=13204, stack(0x000000001d710000,0x000000001d810000)]
  0x000000001a208000 JavaThread "Abandoned connection cleanup thread" daemon [_thread_blocked, id=7480, stack(0x000000001bc80000,0x000000001bd80000)]
  0x0000000019ac4800 JavaThread "RMI TCP Accept-0" daemon [_thread_in_native, id=19788, stack(0x000000001b790000,0x000000001b890000)]
  0x0000000019593800 JavaThread "RMI TCP Accept-46461" daemon [_thread_in_native, id=22208, stack(0x0000000018540000,0x0000000018640000)]
  0x0000000019591000 JavaThread "RMI TCP Accept-0" daemon [_thread_in_native, id=22044, stack(0x000000001b5e0000,0x000000001b6e0000)]
  0x00000000164c6800 JavaThread "Service Thread" daemon [_thread_blocked, id=21296, stack(0x0000000018d10000,0x0000000018e10000)]
  0x0000000016448000 JavaThread "C1 CompilerThread3" daemon [_thread_blocked, id=12236, stack(0x0000000018b90000,0x0000000018c90000)]
  0x000000001643d000 JavaThread "C2 CompilerThread2" daemon [_thread_blocked, id=20428, stack(0x0000000018a10000,0x0000000018b10000)]
  0x000000001643c800 JavaThread "C2 CompilerThread1" daemon [_thread_blocked, id=22368, stack(0x00000000187c0000,0x00000000188c0000)]
  0x0000000016435000 JavaThread "C2 CompilerThread0" daemon [_thread_blocked, id=14728, stack(0x0000000018670000,0x0000000018770000)]
  0x0000000016427000 JavaThread "JDWP Command Reader" daemon [_thread_in_native, id=22184, stack(0x0000000017f60000,0x0000000018060000)]
  0x0000000016420000 JavaThread "JDWP Event Helper Thread" daemon [_thread_blocked, id=21548, stack(0x0000000018400000,0x0000000018500000)]
=>0x0000000016414000 JavaThread "JDWP Transport Listener: dt_socket" daemon [_thread_in_vm, id=14792, stack(0x0000000018240000,0x0000000018340000)]
  0x00000000163fd000 JavaThread "Attach Listener" daemon [_thread_blocked, id=21608, stack(0x0000000017a20000,0x0000000017b20000)]
  0x00000000163e7000 JavaThread "Signal Dispatcher" daemon [_thread_blocked, id=20128, stack(0x0000000017740000,0x0000000017840000)]
  0x000000001533a800 JavaThread "Finalizer" daemon [_thread_blocked, id=22284, stack(0x00000000175b0000,0x00000000176b0000)]
  0x0000000015331000 JavaThread "Reference Handler" daemon [_thread_blocked, id=20756, stack(0x0000000017480000,0x0000000017580000)]

Other Threads:
  0x000000001532c000 VMThread [stack: 0x0000000017360000,0x0000000017460000] [id=8652]
  0x0000000019ad1800 WatcherThread [stack: 0x000000001b920000,0x000000001ba20000] [id=22048]

VM state:not at safepoint (normal execution)

VM Mutex/Monitor currently owned by a thread: None

Heap:
 PSYoungGen      total 297984K, used 46341K [0x00000000eab00000, 0x00000000ffd80000, 0x0000000100000000)
  eden space 274944K, 8% used [0x00000000eab00000,0x00000000ec1e8420,0x00000000fb780000)
  from space 23040K, 99% used [0x00000000fbe00000,0x00000000fd4592f0,0x00000000fd480000)
  to   space 35840K, 0% used [0x00000000fda80000,0x00000000fda80000,0x00000000ffd80000)
 ParOldGen       total 539136K, used 220650K [0x00000000c0000000, 0x00000000e0e80000, 0x00000000eab00000)
  object space 539136K, 40% used [0x00000000c0000000,0x00000000cd77a9e8,0x00000000e0e80000)
 Metaspace       used 118698K, capacity 122842K, committed 123160K, reserved 1159168K
  class space    used 13062K, capacity 13790K, committed 13864K, reserved 1048576K

Card table byte_map: [0x00000000119b0000,0x0000000011bc0000] byte_map_base: 0x00000000113b0000

Marking Bits: (ParMarkBitMap*) 0x000000005153a5b0
 Begin Bits: [0x0000000012740000, 0x0000000013740000)
 End Bits:   [0x0000000013740000, 0x0000000014740000)

Polling page: 0x0000000000100000

CodeCache: size=245760Kb used=66000Kb max_used=66006Kb free=179759Kb
 bounds [0x00000000025f0000, 0x00000000066d0000, 0x00000000115f0000]
 total_blobs=16488 nmethods=15799 adapters=608
 compilation: enabled

Compilation events (10 events):
Event: 3326.432 Thread 0x000000001643c800 20847       4       com.fasterxml.jackson.databind.node.NodeCursor$ObjectCursor::currentNode (24 bytes)
Event: 3326.433 Thread 0x000000001643c800 nmethod 20847 0x00000000066b6e10 code [0x00000000066b6f60, 0x00000000066b7058]
Event: 3335.434 Thread 0x0000000016448000 20848   !   3       org.springframework.aop.framework.CglibAopProxy$DynamicAdvisedInterceptor::intercept (192 bytes)
Event: 3335.435 Thread 0x0000000016448000 nmethod 20848 0x00000000066b9b50 code [0x00000000066b9e00, 0x00000000066bb5a8]
Event: 3335.436 Thread 0x0000000016448000 20849   !   3       org.springframework.cglib.proxy.MethodProxy::invoke (72 bytes)
Event: 3335.437 Thread 0x0000000016448000 nmethod 20849 0x00000000066bc250 code [0x00000000066bc500, 0x00000000066bd768]
Event: 3344.440 Thread 0x000000001643c800 20850       4       java.text.SimpleDateFormat::encode (95 bytes)
Event: 3344.442 Thread 0x000000001643c800 nmethod 20850 0x00000000066b5310 code [0x00000000066b5460, 0x00000000066b58d8]
Event: 3386.443 Thread 0x0000000016448000 20851       3       org.apache.http.util.Args::containsNoBlanks (67 bytes)
Event: 3386.443 Thread 0x0000000016448000 nmethod 20851 0x00000000066bfbd0 code [0x00000000066bfe40, 0x00000000066c0d48]

GC Heap History (10 events):
Event: 224.117 GC heap before
{Heap before GC invocations=61 (full 4):
 PSYoungGen      total 312320K, used 294032K [0x00000000eab00000, 0x00000000ffa00000, 0x0000000100000000)
  eden space 284672K, 100% used [0x00000000eab00000,0x00000000fc100000,0x00000000fc100000)
  from space 27648K, 33% used [0x00000000fdf00000,0x00000000fe824020,0x00000000ffa00000)
  to   space 29184K, 0% used [0x00000000fc100000,0x00000000fc100000,0x00000000fdd80000)
 ParOldGen       total 539136K, used 220610K [0x00000000c0000000, 0x00000000e0e80000, 0x00000000eab00000)
  object space 539136K, 40% used [0x00000000c0000000,0x00000000cd7709e8,0x00000000e0e80000)
 Metaspace       used 99301K, capacity 100776K, committed 101016K, reserved 1138688K
  class space    used 11084K, capacity 11400K, committed 11432K, reserved 1048576K
Event: 224.134 GC heap after
Heap after GC invocations=61 (full 4):
 PSYoungGen      total 313856K, used 11072K [0x00000000eab00000, 0x00000000fff80000, 0x0000000100000000)
  eden space 284672K, 0% used [0x00000000eab00000,0x00000000eab00000,0x00000000fc100000)
  from space 29184K, 37% used [0x00000000fc100000,0x00000000fcbd0010,0x00000000fdd80000)
  to   space 28160K, 0% used [0x00000000fe400000,0x00000000fe400000,0x00000000fff80000)
 ParOldGen       total 539136K, used 220610K [0x00000000c0000000, 0x00000000e0e80000, 0x00000000eab00000)
  object space 539136K, 40% used [0x00000000c0000000,0x00000000cd7709e8,0x00000000e0e80000)
 Metaspace       used 99301K, capacity 100776K, committed 101016K, reserved 1138688K
  class space    used 11084K, capacity 11400K, committed 11432K, reserved 1048576K
}
Event: 225.319 GC heap before
{Heap before GC invocations=62 (full 4):
 PSYoungGen      total 313856K, used 295744K [0x00000000eab00000, 0x00000000fff80000, 0x0000000100000000)
  eden space 284672K, 100% used [0x00000000eab00000,0x00000000fc100000,0x00000000fc100000)
  from space 29184K, 37% used [0x00000000fc100000,0x00000000fcbd0010,0x00000000fdd80000)
  to   space 28160K, 0% used [0x00000000fe400000,0x00000000fe400000,0x00000000fff80000)
 ParOldGen       total 539136K, used 220610K [0x00000000c0000000, 0x00000000e0e80000, 0x00000000eab00000)
  object space 539136K, 40% used [0x00000000c0000000,0x00000000cd7709e8,0x00000000e0e80000)
 Metaspace       used 99349K, capacity 100840K, committed 101016K, reserved 1138688K
  class space    used 11084K, capacity 11400K, committed 11432K, reserved 1048576K
Event: 225.333 GC heap after
Heap after GC invocations=62 (full 4):
 PSYoungGen      total 318464K, used 11424K [0x00000000eab00000, 0x00000000ffe00000, 0x0000000100000000)
  eden space 291840K, 0% used [0x00000000eab00000,0x00000000eab00000,0x00000000fc800000)
  from space 26624K, 42% used [0x00000000fe400000,0x00000000fef28010,0x00000000ffe00000)
  to   space 27648K, 0% used [0x00000000fc800000,0x00000000fc800000,0x00000000fe300000)
 ParOldGen       total 539136K, used 220618K [0x00000000c0000000, 0x00000000e0e80000, 0x00000000eab00000)
  object space 539136K, 40% used [0x00000000c0000000,0x00000000cd7729e8,0x00000000e0e80000)
 Metaspace       used 99349K, capacity 100840K, committed 101016K, reserved 1138688K
  class space    used 11084K, capacity 11400K, committed 11432K, reserved 1048576K
}
Event: 242.759 GC heap before
{Heap before GC invocations=63 (full 4):
 PSYoungGen      total 318464K, used 303264K [0x00000000eab00000, 0x00000000ffe00000, 0x0000000100000000)
  eden space 291840K, 100% used [0x00000000eab00000,0x00000000fc800000,0x00000000fc800000)
  from space 26624K, 42% used [0x00000000fe400000,0x00000000fef28010,0x00000000ffe00000)
  to   space 27648K, 0% used [0x00000000fc800000,0x00000000fc800000,0x00000000fe300000)
 ParOldGen       total 539136K, used 220618K [0x00000000c0000000, 0x00000000e0e80000, 0x00000000eab00000)
  object space 539136K, 40% used [0x00000000c0000000,0x00000000cd7729e8,0x00000000e0e80000)
 Metaspace       used 107404K, capacity 108920K, committed 109208K, reserved 1146880K
  class space    used 11816K, capacity 12156K, committed 12200K, reserved 1048576K
Event: 242.775 GC heap after
Heap after GC invocations=63 (full 4):
 PSYoungGen      total 313344K, used 21265K [0x00000000eab00000, 0x0000000100000000, 0x0000000100000000)
  eden space 291840K, 0% used [0x00000000eab00000,0x00000000eab00000,0x00000000fc800000)
  from space 21504K, 98% used [0x00000000fc800000,0x00000000fdcc4660,0x00000000fdd00000)
  to   space 30208K, 0% used [0x00000000fe280000,0x00000000fe280000,0x0000000100000000)
 ParOldGen       total 539136K, used 220626K [0x00000000c0000000, 0x00000000e0e80000, 0x00000000eab00000)
  object space 539136K, 40% used [0x00000000c0000000,0x00000000cd7749e8,0x00000000e0e80000)
 Metaspace       used 107404K, capacity 108920K, committed 109208K, reserved 1146880K
  class space    used 11816K, capacity 12156K, committed 12200K, reserved 1048576K
}
Event: 281.882 GC heap before
{Heap before GC invocations=64 (full 4):
 PSYoungGen      total 313344K, used 313105K [0x00000000eab00000, 0x0000000100000000, 0x0000000100000000)
  eden space 291840K, 100% used [0x00000000eab00000,0x00000000fc800000,0x00000000fc800000)
  from space 21504K, 98% used [0x00000000fc800000,0x00000000fdcc4660,0x00000000fdd00000)
  to   space 30208K, 0% used [0x00000000fe280000,0x00000000fe280000,0x0000000100000000)
 ParOldGen       total 539136K, used 220626K [0x00000000c0000000, 0x00000000e0e80000, 0x00000000eab00000)
  object space 539136K, 40% used [0x00000000c0000000,0x00000000cd7749e8,0x00000000e0e80000)
 Metaspace       used 115307K, capacity 118444K, committed 118680K, reserved 1155072K
  class space    used 12837K, capacity 13405K, committed 13480K, reserved 1048576K
Event: 281.924 GC heap after
Heap after GC invocations=64 (full 4):
 PSYoungGen      total 311808K, used 25112K [0x00000000eab00000, 0x0000000100000000, 0x0000000100000000)
  eden space 281600K, 0% used [0x00000000eab00000,0x00000000eab00000,0x00000000fbe00000)
  from space 30208K, 83% used [0x00000000fe280000,0x00000000ffb06258,0x0000000100000000)
  to   space 33792K, 0% used [0x00000000fbe00000,0x00000000fbe00000,0x00000000fdf00000)
 ParOldGen       total 539136K, used 220634K [0x00000000c0000000, 0x00000000e0e80000, 0x00000000eab00000)
  object space 539136K, 40% used [0x00000000c0000000,0x00000000cd7769e8,0x00000000e0e80000)
 Metaspace       used 115307K, capacity 118444K, committed 118680K, reserved 1155072K
  class space    used 12837K, capacity 13405K, committed 13480K, reserved 1048576K
}
Event: 3263.369 GC heap before
{Heap before GC invocations=65 (full 4):
 PSYoungGen      total 311808K, used 306712K [0x00000000eab00000, 0x0000000100000000, 0x0000000100000000)
  eden space 281600K, 100% used [0x00000000eab00000,0x00000000fbe00000,0x00000000fbe00000)
  from space 30208K, 83% used [0x00000000fe280000,0x00000000ffb06258,0x0000000100000000)
  to   space 33792K, 0% used [0x00000000fbe00000,0x00000000fbe00000,0x00000000fdf00000)
 ParOldGen       total 539136K, used 220634K [0x00000000c0000000, 0x00000000e0e80000, 0x00000000eab00000)
  object space 539136K, 40% used [0x00000000c0000000,0x00000000cd7769e8,0x00000000e0e80000)
 Metaspace       used 118561K, capacity 122676K, committed 122904K, reserved 1159168K
  class space    used 13051K, capacity 13773K, committed 13864K, reserved 1048576K
Event: 3263.400 GC heap after
Heap after GC invocations=65 (full 4):
 PSYoungGen      total 297984K, used 22884K [0x00000000eab00000, 0x00000000ffd80000, 0x0000000100000000)
  eden space 274944K, 0% used [0x00000000eab00000,0x00000000eab00000,0x00000000fb780000)
  from space 23040K, 99% used [0x00000000fbe00000,0x00000000fd4592f0,0x00000000fd480000)
  to   space 35840K, 0% used [0x00000000fda80000,0x00000000fda80000,0x00000000ffd80000)
 ParOldGen       total 539136K, used 220650K [0x00000000c0000000, 0x00000000e0e80000, 0x00000000eab00000)
  object space 539136K, 40% used [0x00000000c0000000,0x00000000cd77a9e8,0x00000000e0e80000)
 Metaspace       used 118561K, capacity 122676K, committed 122904K, reserved 1159168K
  class space    used 13051K, capacity 13773K, committed 13864K, reserved 1048576K
}

Deoptimization events (10 events):
Event: 3389.455 Thread 0x000000001a20f000 Uncommon trap: reason=unhandled action=none pc=0x00000000031110e4 method=java.lang.Class.getMethod(Ljava/lang/String;[Ljava/lang/Class;)Ljava/lang/reflect/Method; @ 61
Event: 3389.455 Thread 0x000000001a20f000 Uncommon trap: reason=unhandled action=none pc=0x00000000031110e4 method=java.lang.Class.getMethod(Ljava/lang/String;[Ljava/lang/Class;)Ljava/lang/reflect/Method; @ 61
Event: 3398.455 Thread 0x000000001a20f000 Uncommon trap: reason=unhandled action=none pc=0x00000000031110e4 method=java.lang.Class.getMethod(Ljava/lang/String;[Ljava/lang/Class;)Ljava/lang/reflect/Method; @ 61
Event: 3398.455 Thread 0x000000001a20f000 Uncommon trap: reason=unhandled action=none pc=0x00000000031110e4 method=java.lang.Class.getMethod(Ljava/lang/String;[Ljava/lang/Class;)Ljava/lang/reflect/Method; @ 61
Event: 3398.455 Thread 0x000000001a20f000 Uncommon trap: reason=unhandled action=none pc=0x00000000031110e4 method=java.lang.Class.getMethod(Ljava/lang/String;[Ljava/lang/Class;)Ljava/lang/reflect/Method; @ 61
Event: 3398.456 Thread 0x000000001a20f000 Uncommon trap: reason=unhandled action=none pc=0x00000000031110e4 method=java.lang.Class.getMethod(Ljava/lang/String;[Ljava/lang/Class;)Ljava/lang/reflect/Method; @ 61
Event: 3398.457 Thread 0x000000001a20f000 Uncommon trap: reason=unhandled action=none pc=0x00000000031110e4 method=java.lang.Class.getMethod(Ljava/lang/String;[Ljava/lang/Class;)Ljava/lang/reflect/Method; @ 61
Event: 3398.457 Thread 0x000000001a20f000 Uncommon trap: reason=unhandled action=none pc=0x00000000031110e4 method=java.lang.Class.getMethod(Ljava/lang/String;[Ljava/lang/Class;)Ljava/lang/reflect/Method; @ 61
Event: 3398.457 Thread 0x000000001a20f000 Uncommon trap: reason=unhandled action=none pc=0x00000000031110e4 method=java.lang.Class.getMethod(Ljava/lang/String;[Ljava/lang/Class;)Ljava/lang/reflect/Method; @ 61
Event: 3398.457 Thread 0x000000001a20f000 Uncommon trap: reason=unhandled action=none pc=0x00000000031110e4 method=java.lang.Class.getMethod(Ljava/lang/String;[Ljava/lang/Class;)Ljava/lang/reflect/Method; @ 61

Internal exceptions (10 events):
Event: 3192.782 Thread 0x0000000019817000 Exception <a 'java/net/SocketTimeoutException': Read timed out> (0x00000000fb3f9610) thrown at [C:\re\workspace\8-2-build-windows-amd64-cygwin\jdk8u66\4988\hotspot\src\share\vm\prims\jni.cpp, line 735]
Event: 3206.424 Thread 0x0000000019b67000 Exception <a 'java/net/SocketTimeoutException': Read timed out> (0x00000000f8727210) thrown at [C:\re\workspace\8-2-build-windows-amd64-cygwin\jdk8u66\4988\hotspot\src\share\vm\prims\jni.cpp, line 735]
Event: 3236.428 Thread 0x0000000019b67000 Exception <a 'java/net/SocketTimeoutException': Read timed out> (0x00000000f8732170) thrown at [C:\re\workspace\8-2-build-windows-amd64-cygwin\jdk8u66\4988\hotspot\src\share\vm\prims\jni.cpp, line 735]
Event: 3266.431 Thread 0x0000000019b67000 Exception <a 'java/net/SocketTimeoutException': Read timed out> (0x00000000eb14b548) thrown at [C:\re\workspace\8-2-build-windows-amd64-cygwin\jdk8u66\4988\hotspot\src\share\vm\prims\jni.cpp, line 735]
Event: 3296.435 Thread 0x0000000019b67000 Exception <a 'java/net/SocketTimeoutException': Read timed out> (0x00000000eb1564a8) thrown at [C:\re\workspace\8-2-build-windows-amd64-cygwin\jdk8u66\4988\hotspot\src\share\vm\prims\jni.cpp, line 735]
Event: 3297.467 Thread 0x0000000019818800 Exception <a 'java/net/SocketTimeoutException': Read timed out> (0x00000000eb99b048) thrown at [C:\re\workspace\8-2-build-windows-amd64-cygwin\jdk8u66\4988\hotspot\src\share\vm\prims\jni.cpp, line 735]
Event: 3297.481 Thread 0x0000000019818800 Exception <a 'java/net/SocketTimeoutException': Read timed out> (0x00000000eb9c2b78) thrown at [C:\re\workspace\8-2-build-windows-amd64-cygwin\jdk8u66\4988\hotspot\src\share\vm\prims\jni.cpp, line 735]
Event: 3326.437 Thread 0x0000000019b67000 Exception <a 'java/net/SocketTimeoutException': Read timed out> (0x00000000eb161408) thrown at [C:\re\workspace\8-2-build-windows-amd64-cygwin\jdk8u66\4988\hotspot\src\share\vm\prims\jni.cpp, line 735]
Event: 3356.440 Thread 0x0000000019b67000 Exception <a 'java/net/SocketTimeoutException': Read timed out> (0x00000000eb16c368) thrown at [C:\re\workspace\8-2-build-windows-amd64-cygwin\jdk8u66\4988\hotspot\src\share\vm\prims\jni.cpp, line 735]
Event: 3386.443 Thread 0x0000000019b67000 Exception <a 'java/net/SocketTimeoutException': Read timed out> (0x00000000eb1772c8) thrown at [C:\re\workspace\8-2-build-windows-amd64-cygwin\jdk8u66\4988\hotspot\src\share\vm\prims\jni.cpp, line 735]

Events (10 events):
Event: 3398.457 Thread 0x000000001a20f000 DEOPT UNPACKING pc=0x000000000263582a sp=0x000000002c2bd558 mode 2
Event: 3398.457 Thread 0x000000001a20f000 DEOPT PACKING pc=0x00000000048fa948 sp=0x000000002c2bd600
Event: 3398.457 Thread 0x000000001a20f000 DEOPT UNPACKING pc=0x000000000263787f sp=0x000000002c2bd410 mode 1
Event: 3398.457 Thread 0x000000001a20f000 Uncommon trap: trap_request=0xffffffa7 fr.pc=0x00000000031110e4
Event: 3398.457 Thread 0x000000001a20f000 DEOPT PACKING pc=0x00000000031110e4 sp=0x000000002c2bd660
Event: 3398.457 Thread 0x000000001a20f000 DEOPT UNPACKING pc=0x000000000263582a sp=0x000000002c2bd6a8 mode 2
Event: 3398.457 Thread 0x000000001a20f000 DEOPT PACKING pc=0x00000000048fa948 sp=0x000000002c2bd750
Event: 3398.457 Thread 0x000000001a20f000 DEOPT UNPACKING pc=0x000000000263787f sp=0x000000002c2bd560 mode 1
Event: 3400.604 Executing VM operation: RedefineClasses
Event: 3400.763 Executing VM operation: RedefineClasses done


Dynamic libraries:
0x000000013fc30000 - 0x000000013fc67000 	D:\Program Files\MyEclipse Professional 2016 CI\binary\com.sun.java.jdk8.win32.x86_64_1.8.0.u66\bin\javaw.exe
0x0000000077aa0000 - 0x0000000077c4a000 	C:\Windows\SYSTEM32\ntdll.dll
0x0000000077640000 - 0x000000007775f000 	C:\Windows\system32\kernel32.dll
0x000007fefd880000 - 0x000007fefd8ea000 	C:\Windows\system32\KERNELBASE.dll
0x000007fefdc30000 - 0x000007fefdd0b000 	C:\Windows\system32\ADVAPI32.dll
0x000007feff480000 - 0x000007feff51f000 	C:\Windows\system32\msvcrt.dll
0x000007fefe480000 - 0x000007fefe49f000 	C:\Windows\SYSTEM32\sechost.dll
0x000007fefe4a0000 - 0x000007fefe5cd000 	C:\Windows\system32\RPCRT4.dll
0x00000000778a0000 - 0x000000007799a000 	C:\Windows\system32\USER32.dll
0x000007feffa40000 - 0x000007feffaa7000 	C:\Windows\system32\GDI32.dll
0x000007fefe070000 - 0x000007fefe07e000 	C:\Windows\system32\LPK.dll
0x000007feff870000 - 0x000007feff93a000 	C:\Windows\system32\USP10.dll
0x000007fefc070000 - 0x000007fefc264000 	C:\Windows\WinSxS\amd64_microsoft.windows.common-controls_6595b64144ccf1df_6.0.7601.18837_none_fa3b1e3d17594757\COMCTL32.dll
0x000007fefdec0000 - 0x000007fefdf31000 	C:\Windows\system32\SHLWAPI.dll
0x000007fefdd10000 - 0x000007fefdd3e000 	C:\Windows\system32\IMM32.DLL
0x000007feff370000 - 0x000007feff479000 	C:\Windows\system32\MSCTF.dll
0x00000000515c0000 - 0x0000000051692000 	D:\Program Files\MyEclipse Professional 2016 CI\binary\com.sun.java.jdk8.win32.x86_64_1.8.0.u66\jre\bin\msvcr100.dll
0x0000000050d30000 - 0x00000000515b9000 	D:\Program Files\MyEclipse Professional 2016 CI\binary\com.sun.java.jdk8.win32.x86_64_1.8.0.u66\jre\bin\server\jvm.dll
0x000007fefb010000 - 0x000007fefb019000 	C:\Windows\system32\WSOCK32.dll
0x000007fefe430000 - 0x000007fefe47d000 	C:\Windows\system32\WS2_32.dll
0x000007feff360000 - 0x000007feff368000 	C:\Windows\system32\NSI.dll
0x000007fefd9f0000 - 0x000007fefda2b000 	C:\Windows\system32\WINMM.dll
0x000007fefc880000 - 0x000007fefc88c000 	C:\Windows\system32\VERSION.dll
0x0000000077c70000 - 0x0000000077c77000 	C:\Windows\system32\PSAPI.DLL
0x0000000070f40000 - 0x0000000070f4f000 	D:\Program Files\MyEclipse Professional 2016 CI\binary\com.sun.java.jdk8.win32.x86_64_1.8.0.u66\jre\bin\verify.dll
0x000000006ad70000 - 0x000000006ad99000 	D:\Program Files\MyEclipse Professional 2016 CI\binary\com.sun.java.jdk8.win32.x86_64_1.8.0.u66\jre\bin\java.dll
0x000000006d590000 - 0x000000006d5c5000 	D:\Program Files\MyEclipse Professional 2016 CI\binary\com.sun.java.jdk8.win32.x86_64_1.8.0.u66\jre\bin\jdwp.dll
0x00000000642f0000 - 0x00000000642f8000 	D:\Program Files\MyEclipse Professional 2016 CI\binary\com.sun.java.jdk8.win32.x86_64_1.8.0.u66\jre\bin\npt.dll
0x0000000070f20000 - 0x0000000070f36000 	D:\Program Files\MyEclipse Professional 2016 CI\binary\com.sun.java.jdk8.win32.x86_64_1.8.0.u66\jre\bin\zip.dll
0x000007fefe5d0000 - 0x000007feff35c000 	C:\Windows\system32\SHELL32.dll
0x000007fefe230000 - 0x000007fefe42c000 	C:\Windows\system32\ole32.dll
0x000007fefd780000 - 0x000007fefd78f000 	C:\Windows\system32\profapi.dll
0x00000000644b0000 - 0x00000000644b9000 	D:\Program Files\MyEclipse Professional 2016 CI\binary\com.sun.java.jdk8.win32.x86_64_1.8.0.u66\jre\bin\dt_socket.dll
0x000007fefae90000 - 0x000007fefaea5000 	C:\Windows\system32\NLAapi.dll
0x000007feef170000 - 0x000007feef185000 	C:\Windows\system32\napinsp.dll
0x000007feef150000 - 0x000007feef169000 	C:\Windows\system32\pnrpnsp.dll
0x000007fefcf90000 - 0x000007fefcfe5000 	C:\Windows\System32\mswsock.dll
0x000007fefce10000 - 0x000007fefce6b000 	C:\Windows\system32\DNSAPI.dll
0x000007feef140000 - 0x000007feef14b000 	C:\Windows\System32\winrnr.dll
0x0000000071c60000 - 0x0000000071c86000 	C:\Program Files\Bonjour\mdnsNSP.dll
0x000007fefa560000 - 0x000007fefa587000 	C:\Windows\system32\Iphlpapi.DLL
0x000007fefa550000 - 0x000007fefa55b000 	C:\Windows\system32\WINNSI.DLL
0x000007fefa3e0000 - 0x000007fefa433000 	C:\Windows\System32\fwpuclnt.dll
0x000007fef6630000 - 0x000007fef6638000 	C:\Windows\system32\rasadhlp.dll
0x000007fefc950000 - 0x000007fefc957000 	C:\Windows\System32\wshtcpip.dll
0x000000006d2e0000 - 0x000000006d2ed000 	D:\Program Files\MyEclipse Professional 2016 CI\binary\com.sun.java.jdk8.win32.x86_64_1.8.0.u66\jre\bin\management.dll
0x0000000060ee0000 - 0x0000000060efa000 	D:\Program Files\MyEclipse Professional 2016 CI\binary\com.sun.java.jdk8.win32.x86_64_1.8.0.u66\jre\bin\net.dll
0x000007fefcf80000 - 0x000007fefcf87000 	C:\Windows\System32\wship6.dll
0x0000000064780000 - 0x0000000064791000 	D:\Program Files\MyEclipse Professional 2016 CI\binary\com.sun.java.jdk8.win32.x86_64_1.8.0.u66\jre\bin\nio.dll
0x000007fefcff0000 - 0x000007fefd008000 	C:\Windows\system32\CRYPTSP.dll
0x000007fefccf0000 - 0x000007fefcd37000 	C:\Windows\system32\rsaenh.dll
0x000007fefca70000 - 0x000007fefca8e000 	C:\Windows\system32\USERENV.dll
0x000007fefd6b0000 - 0x000007fefd6bf000 	C:\Windows\system32\CRYPTBASE.dll
0x000007fefa360000 - 0x000007fefa371000 	C:\Windows\system32\dhcpcsvc6.DLL
0x000007fefa340000 - 0x000007fefa358000 	C:\Windows\system32\dhcpcsvc.DLL
0x000000005af20000 - 0x000000005af44000 	D:\Program Files\MyEclipse Professional 2016 CI\binary\com.sun.java.jdk8.win32.x86_64_1.8.0.u66\jre\bin\sunec.dll
0x000000006c5b0000 - 0x000000006c748000 	D:\Program Files\MyEclipse Professional 2016 CI\binary\com.sun.java.jdk8.win32.x86_64_1.8.0.u66\jre\bin\awt.dll
0x000007fefdd40000 - 0x000007fefde1a000 	C:\Windows\system32\OLEAUT32.dll
0x000007feefaa0000 - 0x000007feefbc5000 	C:\Windows\system32\dbghelp.dll

VM Arguments:
jvm_args: -agentlib:jdwp=transport=dt_socket,suspend=y,address=localhost:6159 -Dspring.profiles.active=dev -Xmx1024M -Xms512M -XX:MaxPermSize=256m -Dcom.sun.management.jmxremote -Dcom.sun.management.jmxremote.port=46461 -Dcom.sun.management.jmxremote.authenticate=false -Dcom.sun.management.jmxremote.ssl=false -Dspring.liveBeansView.mbeanDomain -Dspring.application.admin.enabled=true -Dfile.encoding=utf-8 
java_command: com.sumavision.bvc.SpringbootApp
java_class_path (initial): E:\Git\tetris\tetris-project\bvc\cloud\bvc2.0-web\target\classes;D:\maven\io\springfox\springfox-swagger2\2.7.0\springfox-swagger2-2.7.0.jar;D:\maven\io\swagger\swagger-annotations\1.5.13\swagger-annotations-1.5.13.jar;D:\maven\io\swagger\swagger-models\1.5.13\swagger-models-1.5.13.jar;D:\maven\com\fasterxml\jackson\core\jackson-annotations\2.8.0\jackson-annotations-2.8.0.jar;D:\maven\io\springfox\springfox-spi\2.7.0\springfox-spi-2.7.0.jar;D:\maven\io\springfox\springfox-core\2.7.0\springfox-core-2.7.0.jar;D:\maven\net\bytebuddy\byte-buddy\1.6.14\byte-buddy-1.6.14.jar;D:\maven\io\springfox\springfox-schema\2.7.0\springfox-schema-2.7.0.jar;D:\maven\io\springfox\springfox-swagger-common\2.7.0\springfox-swagger-common-2.7.0.jar;D:\maven\io\springfox\springfox-spring-web\2.7.0\springfox-spring-web-2.7.0.jar;D:\maven\org\reflections\reflections\0.9.11\reflections-0.9.11.jar;D:\maven\org\javassist\javassist\3.21.0-GA\javassist-3.21.0-GA.jar;D:\maven\com\google\guava\guava\18.0\guava-18.0.jar;D:\maven\com\fasterxml\classmate\1.3.3\classmate-1.3.3.jar;D:\maven\org\slf4j\slf4j-api\1.7.25\slf4j-api-1.7.25.jar;D:\maven\org\springframework\plugin\spring-plugin-core\1.2.0.RELEASE\spring-plugin-core-1.2.0.RELEASE.jar;D:\maven\org\springframework\spring-beans\4.3.8.RELEASE\spring-beans-4.3.8.RELEASE.jar;D:\maven\org\springframework\spring-context\4.3.8.RELEASE\spring-context-4.3.8.RELEASE.jar;D:\maven\org\springframework\spring-expression\4.3.8.RELEASE\spring-expression-4.3.8.RELEASE.jar;D:\maven\org\springframework\spring-aop\4.3.8.RELEASE\spring-aop-4.3.8.RELEASE.jar;D:\maven\org\springframework\plugin\spring-plugin-metadata\1.2.0.RELEASE\spring-plugin-metadata-1.2.0.RELEASE.jar;D:\maven\org\mapstruct\mapstruct\1.1.0.Final\mapstruct-1.1.0.Final.jar;D:\maven\io\springfox\springfox-swagger-ui\2.7.0\springfox-swagger-ui-2.7.0.jar;D:\maven\org\springframework\cloud\spring-cloud-starter-eureka\1.3.0.RELEASE\spring-cloud-starter-eureka-1.3.0.RELEASE.jar;D
Launcher Type: SUN_STANDARD

Environment Variables:
JAVA_HOME=C:\Program Files\jdk1.8.0_121
CLASSPATH=.;C:\Program Files\Java\jdk1.7.0_60\lib;C:\Program Files\Java\jdk1.7.0_60\lib\tools.jar
PATH=D:\Program Files\MyEclipse Professional 2016 CI\binary\com.sun.java.jdk8.win32.x86_64_1.8.0.u66\jre\bin;D:\Program Files (x86)\NetSarang\Xlpd 6\;D:\Program Files (x86)\NetSarang\Xftp 6\;D:\Program Files (x86)\NetSarang\Xshell 6\;D:\Program Files (x86)\NetSarang\Xmanager 6\;C:\Program Files\Java\jdk1.7.0_60\bin;C:\Program Files (x86)\Common Files\NetSarang;C:\Program Files (x86)\Intel\iCLS Client\;C:\Program Files\Intel\iCLS Client\;C:\Windows\system32;C:\Windows;C:\Windows\System32\Wbem;C:\Windows\System32\WindowsPowerShell\v1.0\;C:\Program Files\Intel\Intel(R) Management Engine Components\DAL;C:\Program Files\Intel\Intel(R) Management Engine Components\IPT;C:\Program Files (x86)\Intel\Intel(R) Management Engine Components\DAL;C:\Program Files (x86)\Intel\Intel(R) Management Engine Components\IPT;D:\Program Files\TortoiseSVN\bin;D:\安装文件\xStreamPlayer\;D:\;rogram Files\nodejs\;C:\Users\Administrator\AppData\Roaming\npm;C:\Program Files (x86)\xStreamPlayer\x86;d:\Program Files\Git\cmd;D:\Program Files\nodejs\;C:\Users\Administrator\AppData\Roaming\npm
USERNAME=Administrator
OS=Windows_NT
PROCESSOR_IDENTIFIER=Intel64 Family 6 Model 60 Stepping 3, GenuineIntel



---------------  S Y S T E M  ---------------

OS: Windows 7 , 64 bit Build 7601 (6.1.7601.23796)

CPU:total 8 (4 cores per cpu, 2 threads per core) family 6 model 60 stepping 3, cmov, cx8, fxsr, mmx, sse, sse2, sse3, ssse3, sse4.1, sse4.2, popcnt, avx, avx2, aes, clmul, erms, lzcnt, ht, tsc, tscinvbit, bmi1, bmi2

Memory: 4k page, physical 20840396k(9449836k free), swap 21248136k(7544708k free)

vm_info: Java HotSpot(TM) 64-Bit Server VM (25.66-b17) for windows-amd64 JRE (1.8.0_66-b17), built on Oct  6 2015 18:55:33 by "java_re" with MS VC++ 10.0 (VS2010)

time: Sun Feb 07 16:03:56 2021
elapsed time: 3400 seconds (0d 0h 56m 40s)

